
> @influence/web@0.0.0 typecheck
> tsc --noEmit

src/views/NetworkDashboard.tsx(167,19): error TS2339: Property 'profile' does not exist on type '{}'.
src/views/NetworkDashboard.tsx(168,23): error TS2339: Property 'profile' does not exist on type '{}'.
src/views/NetworkDashboard.tsx(179,19): error TS2339: Property 'topPosts' does not exist on type '{}'.
src/views/NetworkDashboard.tsx(180,23): error TS2339: Property 'topPosts' does not exist on type '{}'.
src/views/NetworkDashboard.tsx(193,19): error TS2339: Property 'posts' does not exist on type '{}'.
src/views/NetworkDashboard.tsx(194,23): error TS2339: Property 'posts' does not exist on type '{}'.
src/views/NetworkDashboard.tsx(217,19): error TS2339: Property 'profile' does not exist on type '{}'.
src/views/NetworkDashboard.tsx(218,23): error TS2339: Property 'profile' does not exist on type '{}'.
src/views/NetworkDashboard.tsx(220,19): error TS2339: Property 'posts' does not exist on type '{}'.
src/views/NetworkDashboard.tsx(221,28): error TS2339: Property 'posts' does not exist on type '{}'.
src/views/NetworkDashboard.tsx(225,29): error TS2339: Property 'posts' does not exist on type '{}'.
src/views/NetworkDashboard.tsx(235,19): error TS2339: Property 'trends' does not exist on type '{}'.
src/views/NetworkDashboard.tsx(236,23): error TS2339: Property 'trends' does not exist on type '{}'.
src/views/NetworkDashboard.tsx(250,16): error TS2345: Argument of type '"dashboard_views"' is not assignable to parameter of type '"ratio" | "disconnected" | "network" | "finish" | "loading" | "caption" | "size" | "next" | "previous" | "welcome_message" | "toggle_light_mode" | "toggle_dark_mode" | "onboarding_step_1_title" | ... 231 more ... | "videoPublisher.statusMonitoring"'.
src/views/NetworkDashboard.tsx(253,25): error TS2339: Property 'posts' does not exist on type '{}'.
src/views/NetworkDashboard.tsx(256,16): error TS2345: Argument of type '"accounts"' is not assignable to parameter of type '"ratio" | "disconnected" | "network" | "finish" | "loading" | "caption" | "size" | "next" | "previous" | "welcome_message" | "toggle_light_mode" | "toggle_dark_mode" | "onboarding_step_1_title" | ... 231 more ... | "videoPublisher.statusMonitoring"'.
src/views/NetworkDashboard.tsx(424,14): error TS2345: Argument of type '"dashboard.trend.totalViews"' is not assignable to parameter of type '"ratio" | "disconnected" | "network" | "finish" | "loading" | "caption" | "size" | "next" | "previous" | "welcome_message" | "toggle_light_mode" | "toggle_dark_mode" | "onboarding_step_1_title" | ... 231 more ... | "videoPublisher.statusMonitoring"'.
src/views/NetworkDashboard.tsx(430,14): error TS2345: Argument of type '"dashboard.topContent.title"' is not assignable to parameter of type '"ratio" | "disconnected" | "network" | "finish" | "loading" | "caption" | "size" | "next" | "previous" | "welcome_message" | "toggle_light_mode" | "toggle_dark_mode" | "onboarding_step_1_title" | ... 231 more ... | "videoPublisher.statusMonitoring"'.
src/views/NetworkDashboard.tsx(476,51): error TS2345: Argument of type '"dashboard_views"' is not assignable to parameter of type '"ratio" | "disconnected" | "network" | "finish" | "loading" | "caption" | "size" | "next" | "previous" | "welcome_message" | "toggle_light_mode" | "toggle_dark_mode" | "onboarding_step_1_title" | ... 231 more ... | "videoPublisher.statusMonitoring"'.
src/views/Settings.tsx(18,16): error TS2345: Argument of type '"settings.language"' is not assignable to parameter of type '"ratio" | "disconnected" | "network" | "finish" | "loading" | "caption" | "size" | "next" | "previous" | "welcome_message" | "toggle_light_mode" | "toggle_dark_mode" | "onboarding_step_1_title" | ... 231 more ... | "videoPublisher.statusMonitoring"'.
src/views/Settings.tsx(42,16): error TS2345: Argument of type '"settings.showDemoData"' is not assignable to parameter of type '"ratio" | "disconnected" | "network" | "finish" | "loading" | "caption" | "size" | "next" | "previous" | "welcome_message" | "toggle_light_mode" | "toggle_dark_mode" | "onboarding_step_1_title" | ... 231 more ... | "videoPublisher.statusMonitoring"'.
npm error Lifecycle script `typecheck` failed with error:
npm error code 2
npm error path /home/user/Influence/apps/web
npm error workspace @influence/web@0.0.0
npm error location /home/user/Influence/apps/web
npm error command failed
npm error command sh -c tsc --noEmit
